\BOOKMARK [0][-]{chapter.1}{\376\377\0001\000\040\000H\000i\000e\000r\000a\000r\000c\000h\000i\000c\000a\000l\000\040\000I\000n\000d\000e\000x}{}% 1
\BOOKMARK [1][-]{section.1.1}{\376\377\0001\000.\0001\000\040\000C\000l\000a\000s\000s\000\040\000H\000i\000e\000r\000a\000r\000c\000h\000y}{chapter.1}% 2
\BOOKMARK [0][-]{chapter.2}{\376\377\0002\000\040\000C\000l\000a\000s\000s\000\040\000I\000n\000d\000e\000x}{}% 3
\BOOKMARK [1][-]{section.2.1}{\376\377\0002\000.\0001\000\040\000C\000l\000a\000s\000s\000\040\000L\000i\000s\000t}{chapter.2}% 4
\BOOKMARK [0][-]{chapter.3}{\376\377\0003\000\040\000F\000i\000l\000e\000\040\000I\000n\000d\000e\000x}{}% 5
\BOOKMARK [1][-]{section.3.1}{\376\377\0003\000.\0001\000\040\000F\000i\000l\000e\000\040\000L\000i\000s\000t}{chapter.3}% 6
\BOOKMARK [0][-]{chapter.4}{\376\377\0004\000\040\000C\000l\000a\000s\000s\000\040\000D\000o\000c\000u\000m\000e\000n\000t\000a\000t\000i\000o\000n}{}% 7
\BOOKMARK [1][-]{section.4.1}{\376\377\0004\000.\0001\000\040\000i\000t\000:\000:\000h\000e\000l\000p\000:\000:\000I\000t\000e\000r\000a\000b\000l\000e\000<\000\040\000T\000\040\000>\000\040\000S\000t\000r\000u\000c\000t\000\040\000T\000e\000m\000p\000l\000a\000t\000e\000\040\000R\000e\000f\000e\000r\000e\000n\000c\000e}{chapter.4}% 8
\BOOKMARK [1][-]{section.4.2}{\376\377\0004\000.\0002\000\040\000i\000t\000:\000:\000h\000e\000l\000p\000:\000:\000I\000t\000e\000r\000a\000b\000l\000e\000<\000\040\000T\000\040\000\040\000>\000\040\000S\000t\000r\000u\000c\000t\000\040\000T\000e\000m\000p\000l\000a\000t\000e\000\040\000R\000e\000f\000e\000r\000e\000n\000c\000e}{chapter.4}% 9
\BOOKMARK [1][-]{section.4.3}{\376\377\0004\000.\0003\000\040\000i\000t\000:\000:\000h\000e\000l\000p\000:\000:\000I\000t\000e\000r\000a\000b\000l\000e\000<\000\040\000T\000[\000N\000]\000>\000\040\000S\000t\000r\000u\000c\000t\000\040\000T\000e\000m\000p\000l\000a\000t\000e\000\040\000R\000e\000f\000e\000r\000e\000n\000c\000e}{chapter.4}% 10
\BOOKMARK [1][-]{section.4.4}{\376\377\0004\000.\0004\000\040\000i\000t\000:\000:\000h\000e\000l\000p\000:\000:\000I\000t\000e\000r\000T\000a\000g\000O\000r\000d\000e\000r\000<\000\040\000c\000l\000a\000s\000s\000\040\000>\000\040\000S\000t\000r\000u\000c\000t\000\040\000T\000e\000m\000p\000l\000a\000t\000e\000\040\000R\000e\000f\000e\000r\000e\000n\000c\000e}{chapter.4}% 11
\BOOKMARK [1][-]{section.4.5}{\376\377\0004\000.\0005\000\040\000i\000t\000:\000:\000h\000e\000l\000p\000:\000:\000I\000t\000e\000r\000T\000a\000g\000O\000r\000d\000e\000r\000<\000\040\000s\000t\000d\000:\000:\000b\000i\000d\000i\000r\000e\000c\000t\000i\000o\000n\000a\000l\000\137\000i\000t\000e\000r\000a\000t\000o\000r\000\137\000t\000a\000g\000\040\000>\000\040\000S\000t\000r\000u\000c\000t\000\040\000T\000e\000m\000p\000l\000a\000t\000e\000\040\000R\000e\000f\000e\000r\000e\000n\000c\000e}{chapter.4}% 12
\BOOKMARK [1][-]{section.4.6}{\376\377\0004\000.\0006\000\040\000i\000t\000:\000:\000h\000e\000l\000p\000:\000:\000I\000t\000e\000r\000T\000a\000g\000O\000r\000d\000e\000r\000<\000\040\000s\000t\000d\000:\000:\000f\000o\000r\000w\000a\000r\000d\000\137\000i\000t\000e\000r\000a\000t\000o\000r\000\137\000t\000a\000g\000\040\000>\000\040\000S\000t\000r\000u\000c\000t\000\040\000T\000e\000m\000p\000l\000a\000t\000e\000\040\000R\000e\000f\000e\000r\000e\000n\000c\000e}{chapter.4}% 13
\BOOKMARK [1][-]{section.4.7}{\376\377\0004\000.\0007\000\040\000i\000t\000:\000:\000h\000e\000l\000p\000:\000:\000I\000t\000e\000r\000T\000a\000g\000O\000r\000d\000e\000r\000<\000\040\000s\000t\000d\000:\000:\000r\000a\000n\000d\000o\000m\000\137\000a\000c\000c\000e\000s\000s\000\137\000i\000t\000e\000r\000a\000t\000o\000r\000\137\000t\000a\000g\000\040\000>\000\040\000S\000t\000r\000u\000c\000t\000\040\000T\000e\000m\000p\000l\000a\000t\000e\000\040\000R\000e\000f\000e\000r\000e\000n\000c\000e}{chapter.4}% 14
\BOOKMARK [1][-]{section.4.8}{\376\377\0004\000.\0008\000\040\000i\000t\000:\000:\000h\000e\000l\000p\000:\000:\000S\000e\000l\000e\000c\000t\000I\000t\000e\000r\000T\000a\000g\000<\000.\000.\000.\000\040\000>\000\040\000S\000t\000r\000u\000c\000t\000\040\000T\000e\000m\000p\000l\000a\000t\000e\000\040\000R\000e\000f\000e\000r\000e\000n\000c\000e}{chapter.4}% 15
\BOOKMARK [1][-]{section.4.9}{\376\377\0004\000.\0009\000\040\000i\000t\000:\000:\000h\000e\000l\000p\000:\000:\000S\000e\000l\000e\000c\000t\000I\000t\000e\000r\000T\000a\000g\000<\000\040\000I\000t\000e\000r\000\040\000>\000\040\000S\000t\000r\000u\000c\000t\000\040\000T\000e\000m\000p\000l\000a\000t\000e\000\040\000R\000e\000f\000e\000r\000e\000n\000c\000e}{chapter.4}% 16
\BOOKMARK [1][-]{section.4.10}{\376\377\0004\000.\0001\0000\000\040\000i\000t\000:\000:\000h\000e\000l\000p\000:\000:\000S\000e\000l\000e\000c\000t\000I\000t\000e\000r\000T\000a\000g\000<\000\040\000I\000t\000e\000r\000,\000\040\000I\000t\000e\000r\000s\000.\000.\000.\000\040\000>\000\040\000S\000t\000r\000u\000c\000t\000\040\000T\000e\000m\000p\000l\000a\000t\000e\000\040\000R\000e\000f\000e\000r\000e\000n\000c\000e}{chapter.4}% 17
\BOOKMARK [1][-]{section.4.11}{\376\377\0004\000.\0001\0001\000\040\000i\000t\000:\000:\000h\000e\000l\000p\000:\000:\000S\000e\000l\000e\000c\000t\000I\000t\000e\000r\000T\000a\000g\000<\000\040\000I\000t\000e\000r\0001\000,\000\040\000I\000t\000e\000r\0002\000\040\000>\000\040\000S\000t\000r\000u\000c\000t\000\040\000T\000e\000m\000p\000l\000a\000t\000e\000\040\000R\000e\000f\000e\000r\000e\000n\000c\000e}{chapter.4}% 18
\BOOKMARK [1][-]{section.4.12}{\376\377\0004\000.\0001\0002\000\040\000i\000t\000:\000:\000U\000n\000Z\000i\000p\000<\000\040\000F\000\040\000>\000\040\000S\000t\000r\000u\000c\000t\000\040\000T\000e\000m\000p\000l\000a\000t\000e\000\040\000R\000e\000f\000e\000r\000e\000n\000c\000e}{chapter.4}% 19
\BOOKMARK [1][-]{section.4.13}{\376\377\0004\000.\0001\0003\000\040\000i\000t\000:\000:\000Z\000i\000p\000<\000\040\000C\000o\000n\000t\000a\000i\000n\000e\000r\000s\000\040\000>\000\040\000C\000l\000a\000s\000s\000\040\000T\000e\000m\000p\000l\000a\000t\000e\000\040\000R\000e\000f\000e\000r\000e\000n\000c\000e}{chapter.4}% 20
\BOOKMARK [1][-]{section.4.14}{\376\377\0004\000.\0001\0004\000\040\000i\000t\000:\000:\000Z\000i\000p\000I\000t\000e\000r\000<\000\040\000I\000t\000e\000r\000s\000\040\000>\000\040\000C\000l\000a\000s\000s\000\040\000T\000e\000m\000p\000l\000a\000t\000e\000\040\000R\000e\000f\000e\000r\000e\000n\000c\000e}{chapter.4}% 21
\BOOKMARK [0][-]{chapter.5}{\376\377\0005\000\040\000F\000i\000l\000e\000\040\000D\000o\000c\000u\000m\000e\000n\000t\000a\000t\000i\000o\000n}{}% 22
\BOOKMARK [1][-]{section.5.1}{\376\377\0005\000.\0001\000\040\000/\000h\000o\000m\000e\000/\000m\000a\000t\000h\000e\000u\000s\000/\000A\000l\000g\000o\000r\000i\000t\000m\000o\000s\000/\000Z\000i\000p\000I\000t\000e\000r\000/\000Z\000i\000p\000I\000t\000e\000r\000/\000Z\000i\000p\000I\000t\000e\000r\000.\000h\000\040\000F\000i\000l\000e\000\040\000R\000e\000f\000e\000r\000e\000n\000c\000e}{chapter.5}% 23
\BOOKMARK [0][-]{section*.17}{\376\377\000I\000n\000d\000e\000x}{}% 24
